<?xml version="1.0" encoding="UTF-8"?>
<!-- Generated by org.testng.reporters.JUnitReportReporter -->
<testsuite hostname="DESKTOP-PN952V8" failures="0" tests="10" name="tests.AmazonSearchWithExcel" time="26.363" errors="0" timestamp="2022-11-30T21:52:06 EST" skipped="0">
  <testcase classname="tests.AmazonSearchWithExcel" name="AmazonSearchTest" time="3.309"/>
  <system-out/>
  <testcase classname="tests.AmazonSearchWithExcel" name="test" time="0.026"/>
  <system-out/>
  <testcase classname="tests.AmazonSearchWithExcel" name="AmazonSearchTest" time="2.722"/>
  <system-out/>
  <testcase classname="tests.AmazonSearchWithExcel" name="AmazonSearchTest" time="2.551"/>
  <system-out/>
  <testcase classname="tests.AmazonSearchWithExcel" name="AmazonSearchTest" time="5.169"/>
  <system-out/>
  <testcase classname="tests.AmazonSearchWithExcel" name="AmazonSearchTest" time="2.802"/>
  <system-out/>
  <testcase classname="tests.AmazonSearchWithExcel" name="AmazonSearchTest" time="2.104"/>
  <system-out/>
  <testcase classname="tests.AmazonSearchWithExcel" name="AmazonSearchTest" time="2.721"/>
  <system-out/>
  <testcase classname="tests.AmazonSearchWithExcel" name="AmazonSearchTest" time="2.569"/>
  <system-out/>
  <testcase classname="tests.AmazonSearchWithExcel" name="AmazonSearchTest" time="2.390"/>
  <system-out/>
</testsuite> <!-- tests.AmazonSearchWithExcel -->
