<?xml version="1.0" encoding="UTF-8"?>
<!-- Generated by org.testng.reporters.JUnitReportReporter -->
<testsuite hostname="DESKTOP-PN952V8" failures="0" tests="2" name="tests.SauceDemoLoginTests" time="5.331" errors="0" timestamp="2022-11-30T18:01:33 EST" skipped="0">
  <testcase classname="tests.SauceDemoLoginTests" name="credentialTest" time="2.013"/>
  <system-out/>
  <testcase classname="tests.SauceDemoLoginTests" name="credentialTest" time="3.318"/>
  <system-out/>
</testsuite> <!-- tests.SauceDemoLoginTests -->
