<?xml version="1.0" encoding="UTF-8"?>
<!-- Generated by org.testng.reporters.JUnitReportReporter -->
<testsuite hostname="DESKTOP-PN952V8" failures="0" tests="1" name="tests.SignUpValidation" time="4.512" errors="0" timestamp="2022-12-04T20:31:10 EST" skipped="0">
  <testcase classname="tests.SignUpValidation" name="SignUpTest" time="4.512"/>
  <system-out/>
</testsuite> <!-- tests.SignUpValidation -->
