<?xml version="1.0" encoding="UTF-8"?>
<!-- Generated by org.testng.reporters.JUnitReportReporter -->
<testsuite hostname="DESKTOP-PN952V8" failures="0" tests="6" name="tests.AmazonSearch" time="34.247" errors="0" timestamp="2022-12-11T17:54:13 EST" skipped="0">
  <testcase classname="tests.AmazonSearch" name="AmazonSearchTest" time="6.025"/>
  <system-out/>
  <testcase classname="tests.AmazonSearch" name="AmazonSearchTest" time="5.177"/>
  <system-out/>
  <testcase classname="tests.AmazonSearch" name="AmazonSearchTest" time="5.904"/>
  <system-out/>
  <testcase classname="tests.AmazonSearch" name="AmazonSearchTest" time="5.764"/>
  <system-out/>
  <testcase classname="tests.AmazonSearch" name="AmazonSearchTest" time="5.711"/>
  <system-out/>
  <testcase classname="tests.AmazonSearch" name="AmazonSearchTest" time="5.666"/>
  <system-out/>
</testsuite> <!-- tests.AmazonSearch -->
